<?xml version="1.0" encoding="UTF-8"?>
<coverage generated="1418676461">
  <project timestamp="1418676461">
    <package name="Application">
      <file name="C:\wamp\www\zf2napratica2\module\Application/Module.php">
        <class name="Module" namespace="Application">
          <metrics methods="3" coveredmethods="2" conditionals="0" coveredconditionals="0" statements="10" coveredstatements="5" elements="13" coveredelements="7"/>
        </class>
        <line num="16" type="method" name="onBootstrap" crap="2" count="0"/>
        <line num="18" type="stmt" count="0"/>
        <line num="19" type="stmt" count="0"/>
        <line num="20" type="stmt" count="0"/>
        <line num="21" type="stmt" count="0"/>
        <line num="22" type="stmt" count="0"/>
        <line num="24" type="method" name="getConfig" crap="1" count="10"/>
        <line num="26" type="stmt" count="10"/>
        <line num="29" type="method" name="getAutoloaderConfig" crap="1" count="10"/>
        <line num="34" type="stmt" count="10"/>
        <line num="35" type="stmt" count="10"/>
        <line num="36" type="stmt" count="10"/>
        <line num="37" type="stmt" count="10"/>
        <line num="40" type="stmt" count="1"/>
        <metrics loc="39" ncloc="32" classes="1" methods="3" coveredmethods="2" conditionals="0" coveredconditionals="0" statements="10" coveredstatements="5" elements="13" coveredelements="7"/>
      </file>
    </package>
    <file name="C:\wamp\www\zf2napratica2\module\Application/config/module.config.php">
      <line num="14" type="stmt" count="10"/>
      <line num="16" type="stmt" count="10"/>
      <line num="18" type="stmt" count="10"/>
      <line num="19" type="stmt" count="10"/>
      <line num="20" type="stmt" count="10"/>
      <line num="21" type="stmt" count="10"/>
      <line num="22" type="stmt" count="10"/>
      <line num="23" type="stmt" count="10"/>
      <line num="25" type="stmt" count="10"/>
      <line num="27" type="stmt" count="10"/>
      <line num="29" type="stmt" count="10"/>
      <line num="30" type="stmt" count="10"/>
      <line num="31" type="stmt" count="10"/>
      <line num="33" type="stmt" count="10"/>
      <line num="34" type="stmt" count="10"/>
      <line num="35" type="stmt" count="10"/>
      <line num="38" type="stmt" count="10"/>
      <line num="40" type="stmt" count="10"/>
      <line num="42" type="stmt" count="10"/>
      <line num="43" type="stmt" count="10"/>
      <line num="44" type="stmt" count="10"/>
      <line num="46" type="stmt" count="10"/>
      <line num="47" type="stmt" count="10"/>
      <line num="51" type="stmt" count="10"/>
      <line num="52" type="stmt" count="10"/>
      <line num="53" type="stmt" count="10"/>
      <line num="54" type="stmt" count="10"/>
      <line num="55" type="stmt" count="10"/>
      <line num="56" type="stmt" count="10"/>
      <line num="57" type="stmt" count="10"/>
      <line num="60" type="stmt" count="10"/>
      <line num="61" type="stmt" count="10"/>
      <line num="62" type="stmt" count="10"/>
      <line num="64" type="stmt" count="10"/>
      <line num="67" type="stmt" count="10"/>
      <line num="68" type="stmt" count="10"/>
      <line num="69" type="stmt" count="10"/>
      <line num="70" type="stmt" count="10"/>
      <line num="71" type="stmt" count="10"/>
      <line num="72" type="stmt" count="10"/>
      <line num="76" type="stmt" count="10"/>
      <line num="77" type="stmt" count="10"/>
      <line num="79" type="stmt" count="10"/>
      <line num="80" type="stmt" count="10"/>
      <line num="81" type="stmt" count="10"/>
      <line num="82" type="stmt" count="10"/>
      <line num="83" type="stmt" count="10"/>
      <line num="85" type="stmt" count="10"/>
      <line num="86" type="stmt" count="10"/>
      <line num="87" type="stmt" count="10"/>
      <line num="88" type="stmt" count="10"/>
      <line num="90" type="stmt" count="10"/>
      <line num="91" type="stmt" count="10"/>
      <line num="92" type="stmt" count="10"/>
      <line num="93" type="stmt" count="10"/>
      <metrics loc="93" ncloc="84" classes="0" methods="0" coveredmethods="0" conditionals="0" coveredconditionals="0" statements="55" coveredstatements="55" elements="55" coveredelements="55"/>
    </file>
    <file name="C:\wamp\www\zf2napratica2\module\Application/data/test.data.php">
      <line num="19" type="stmt" count="10"/>
      <line num="21" type="stmt" count="10"/>
      <line num="22" type="stmt" count="10"/>
      <metrics loc="22" ncloc="20" classes="0" methods="0" coveredmethods="0" conditionals="0" coveredconditionals="0" statements="3" coveredstatements="3" elements="3" coveredelements="3"/>
    </file>
    <package name="Application\Controller">
      <file name="C:\wamp\www\zf2napratica2\module\Application/src/Application/Controller/IndexController.php">
        <class name="IndexController" namespace="Application\Controller" fullPackage="Controller" category="Application" package="Controller">
          <metrics methods="1" coveredmethods="1" conditionals="0" coveredconditionals="0" statements="5" coveredstatements="5" elements="6" coveredelements="6"/>
        </class>
        <line num="24" type="method" name="indexAction" crap="1" count="1"/>
        <line num="25" type="stmt" count="1"/>
        <line num="26" type="stmt" count="1"/>
        <line num="34" type="stmt" count="1"/>
        <line num="35" type="stmt" count="1"/>
        <line num="36" type="stmt" count="1"/>
        <line num="40" type="stmt" count="1"/>
        <line num="266" type="stmt" count="1"/>
        <metrics loc="39" ncloc="18" classes="1" methods="1" coveredmethods="1" conditionals="0" coveredconditionals="0" statements="5" coveredstatements="5" elements="6" coveredelements="6"/>
      </file>
    </package>
    <package name="Application\Form">
      <file name="C:\wamp\www\zf2napratica2\module\Application/src/Application/Form/Chamado.php">
        <class name="Chamado" namespace="Application\Form">
          <metrics methods="1" coveredmethods="0" conditionals="0" coveredconditionals="0" statements="119" coveredstatements="0" elements="120" coveredelements="0"/>
        </class>
        <line num="8" type="method" name="__construct" crap="2" count="0"/>
        <line num="9" type="stmt" count="0"/>
        <line num="10" type="stmt" count="0"/>
        <line num="11" type="stmt" count="0"/>
        <line num="12" type="stmt" count="0"/>
        <line num="14" type="stmt" count="0"/>
        <line num="15" type="stmt" count="0"/>
        <line num="16" type="stmt" count="0"/>
        <line num="17" type="stmt" count="0"/>
        <line num="18" type="stmt" count="0"/>
        <line num="19" type="stmt" count="0"/>
        <line num="21" type="stmt" count="0"/>
        <line num="22" type="stmt" count="0"/>
        <line num="23" type="stmt" count="0"/>
        <line num="24" type="stmt" count="0"/>
        <line num="25" type="stmt" count="0"/>
        <line num="26" type="stmt" count="0"/>
        <line num="27" type="stmt" count="0"/>
        <line num="28" type="stmt" count="0"/>
        <line num="29" type="stmt" count="0"/>
        <line num="30" type="stmt" count="0"/>
        <line num="31" type="stmt" count="0"/>
        <line num="32" type="stmt" count="0"/>
        <line num="33" type="stmt" count="0"/>
        <line num="34" type="stmt" count="0"/>
        <line num="35" type="stmt" count="0"/>
        <line num="36" type="stmt" count="0"/>
        <line num="37" type="stmt" count="0"/>
        <line num="38" type="stmt" count="0"/>
        <line num="39" type="stmt" count="0"/>
        <line num="40" type="stmt" count="0"/>
        <line num="41" type="stmt" count="0"/>
        <line num="42" type="stmt" count="0"/>
        <line num="43" type="stmt" count="0"/>
        <line num="44" type="stmt" count="0"/>
        <line num="45" type="stmt" count="0"/>
        <line num="46" type="stmt" count="0"/>
        <line num="47" type="stmt" count="0"/>
        <line num="48" type="stmt" count="0"/>
        <line num="49" type="stmt" count="0"/>
        <line num="50" type="stmt" count="0"/>
        <line num="51" type="stmt" count="0"/>
        <line num="52" type="stmt" count="0"/>
        <line num="53" type="stmt" count="0"/>
        <line num="54" type="stmt" count="0"/>
        <line num="55" type="stmt" count="0"/>
        <line num="56" type="stmt" count="0"/>
        <line num="57" type="stmt" count="0"/>
        <line num="58" type="stmt" count="0"/>
        <line num="59" type="stmt" count="0"/>
        <line num="60" type="stmt" count="0"/>
        <line num="61" type="stmt" count="0"/>
        <line num="62" type="stmt" count="0"/>
        <line num="63" type="stmt" count="0"/>
        <line num="64" type="stmt" count="0"/>
        <line num="65" type="stmt" count="0"/>
        <line num="66" type="stmt" count="0"/>
        <line num="67" type="stmt" count="0"/>
        <line num="68" type="stmt" count="0"/>
        <line num="69" type="stmt" count="0"/>
        <line num="70" type="stmt" count="0"/>
        <line num="71" type="stmt" count="0"/>
        <line num="72" type="stmt" count="0"/>
        <line num="73" type="stmt" count="0"/>
        <line num="74" type="stmt" count="0"/>
        <line num="75" type="stmt" count="0"/>
        <line num="76" type="stmt" count="0"/>
        <line num="77" type="stmt" count="0"/>
        <line num="78" type="stmt" count="0"/>
        <line num="79" type="stmt" count="0"/>
        <line num="80" type="stmt" count="0"/>
        <line num="81" type="stmt" count="0"/>
        <line num="82" type="stmt" count="0"/>
        <line num="83" type="stmt" count="0"/>
        <line num="84" type="stmt" count="0"/>
        <line num="85" type="stmt" count="0"/>
        <line num="86" type="stmt" count="0"/>
        <line num="87" type="stmt" count="0"/>
        <line num="88" type="stmt" count="0"/>
        <line num="89" type="stmt" count="0"/>
        <line num="90" type="stmt" count="0"/>
        <line num="91" type="stmt" count="0"/>
        <line num="92" type="stmt" count="0"/>
        <line num="93" type="stmt" count="0"/>
        <line num="94" type="stmt" count="0"/>
        <line num="95" type="stmt" count="0"/>
        <line num="96" type="stmt" count="0"/>
        <line num="97" type="stmt" count="0"/>
        <line num="98" type="stmt" count="0"/>
        <line num="99" type="stmt" count="0"/>
        <line num="100" type="stmt" count="0"/>
        <line num="101" type="stmt" count="0"/>
        <line num="102" type="stmt" count="0"/>
        <line num="103" type="stmt" count="0"/>
        <line num="104" type="stmt" count="0"/>
        <line num="105" type="stmt" count="0"/>
        <line num="106" type="stmt" count="0"/>
        <line num="107" type="stmt" count="0"/>
        <line num="108" type="stmt" count="0"/>
        <line num="109" type="stmt" count="0"/>
        <line num="110" type="stmt" count="0"/>
        <line num="111" type="stmt" count="0"/>
        <line num="112" type="stmt" count="0"/>
        <line num="113" type="stmt" count="0"/>
        <line num="114" type="stmt" count="0"/>
        <line num="115" type="stmt" count="0"/>
        <line num="116" type="stmt" count="0"/>
        <line num="117" type="stmt" count="0"/>
        <line num="118" type="stmt" count="0"/>
        <line num="119" type="stmt" count="0"/>
        <line num="120" type="stmt" count="0"/>
        <line num="121" type="stmt" count="0"/>
        <line num="122" type="stmt" count="0"/>
        <line num="123" type="stmt" count="0"/>
        <line num="124" type="stmt" count="0"/>
        <line num="125" type="stmt" count="0"/>
        <line num="126" type="stmt" count="0"/>
        <line num="127" type="stmt" count="0"/>
        <line num="128" type="stmt" count="0"/>
        <metrics loc="128" ncloc="128" classes="1" methods="1" coveredmethods="0" conditionals="0" coveredconditionals="0" statements="119" coveredstatements="0" elements="120" coveredelements="0"/>
      </file>
    </package>
    <package name="Application\Model">
      <file name="C:\wamp\www\zf2napratica2\module\Application/src/Application/Model/Chamado.php">
        <class name="Chamado" namespace="Application\Model" fullPackage="Model" category="Application" package="Model">
          <metrics methods="1" coveredmethods="1" conditionals="0" coveredconditionals="0" statements="145" coveredstatements="145" elements="146" coveredelements="146"/>
        </class>
        <line num="0" type="stmt" count="1"/>
        <line num="90" type="method" name="getInputFilter" crap="2" count="8"/>
        <line num="92" type="stmt" count="8"/>
        <line num="93" type="stmt" count="8"/>
        <line num="94" type="stmt" count="8"/>
        <line num="96" type="stmt" count="8"/>
        <line num="97" type="stmt" count="8"/>
        <line num="98" type="stmt" count="8"/>
        <line num="100" type="stmt" count="8"/>
        <line num="101" type="stmt" count="8"/>
        <line num="102" type="stmt" count="8"/>
        <line num="104" type="stmt" count="8"/>
        <line num="105" type="stmt" count="8"/>
        <line num="106" type="stmt" count="8"/>
        <line num="108" type="stmt" count="8"/>
        <line num="109" type="stmt" count="8"/>
        <line num="110" type="stmt" count="8"/>
        <line num="113" type="stmt" count="8"/>
        <line num="115" type="stmt" count="8"/>
        <line num="116" type="stmt" count="8"/>
        <line num="117" type="stmt" count="8"/>
        <line num="118" type="stmt" count="8"/>
        <line num="119" type="stmt" count="8"/>
        <line num="120" type="stmt" count="8"/>
        <line num="121" type="stmt" count="8"/>
        <line num="123" type="stmt" count="8"/>
        <line num="124" type="stmt" count="8"/>
        <line num="125" type="stmt" count="8"/>
        <line num="127" type="stmt" count="8"/>
        <line num="128" type="stmt" count="8"/>
        <line num="129" type="stmt" count="8"/>
        <line num="132" type="stmt" count="8"/>
        <line num="134" type="stmt" count="8"/>
        <line num="135" type="stmt" count="8"/>
        <line num="136" type="stmt" count="8"/>
        <line num="137" type="stmt" count="8"/>
        <line num="138" type="stmt" count="8"/>
        <line num="139" type="stmt" count="8"/>
        <line num="140" type="stmt" count="8"/>
        <line num="142" type="stmt" count="8"/>
        <line num="143" type="stmt" count="8"/>
        <line num="144" type="stmt" count="8"/>
        <line num="146" type="stmt" count="8"/>
        <line num="147" type="stmt" count="8"/>
        <line num="148" type="stmt" count="8"/>
        <line num="151" type="stmt" count="8"/>
        <line num="153" type="stmt" count="8"/>
        <line num="154" type="stmt" count="8"/>
        <line num="155" type="stmt" count="8"/>
        <line num="156" type="stmt" count="8"/>
        <line num="157" type="stmt" count="8"/>
        <line num="158" type="stmt" count="8"/>
        <line num="159" type="stmt" count="8"/>
        <line num="161" type="stmt" count="8"/>
        <line num="162" type="stmt" count="8"/>
        <line num="163" type="stmt" count="8"/>
        <line num="165" type="stmt" count="8"/>
        <line num="166" type="stmt" count="8"/>
        <line num="167" type="stmt" count="8"/>
        <line num="168" type="stmt" count="8"/>
        <line num="170" type="stmt" count="8"/>
        <line num="171" type="stmt" count="8"/>
        <line num="172" type="stmt" count="8"/>
        <line num="174" type="stmt" count="8"/>
        <line num="175" type="stmt" count="8"/>
        <line num="176" type="stmt" count="8"/>
        <line num="177" type="stmt" count="8"/>
        <line num="179" type="stmt" count="8"/>
        <line num="180" type="stmt" count="8"/>
        <line num="181" type="stmt" count="8"/>
        <line num="183" type="stmt" count="8"/>
        <line num="184" type="stmt" count="8"/>
        <line num="185" type="stmt" count="8"/>
        <line num="188" type="stmt" count="8"/>
        <line num="190" type="stmt" count="8"/>
        <line num="191" type="stmt" count="8"/>
        <line num="192" type="stmt" count="8"/>
        <line num="193" type="stmt" count="8"/>
        <line num="194" type="stmt" count="8"/>
        <line num="195" type="stmt" count="8"/>
        <line num="196" type="stmt" count="8"/>
        <line num="198" type="stmt" count="8"/>
        <line num="199" type="stmt" count="8"/>
        <line num="200" type="stmt" count="8"/>
        <line num="202" type="stmt" count="8"/>
        <line num="203" type="stmt" count="8"/>
        <line num="204" type="stmt" count="8"/>
        <line num="205" type="stmt" count="8"/>
        <line num="207" type="stmt" count="8"/>
        <line num="208" type="stmt" count="8"/>
        <line num="209" type="stmt" count="8"/>
        <line num="211" type="stmt" count="8"/>
        <line num="212" type="stmt" count="8"/>
        <line num="213" type="stmt" count="8"/>
        <line num="216" type="stmt" count="8"/>
        <line num="218" type="stmt" count="8"/>
        <line num="219" type="stmt" count="8"/>
        <line num="220" type="stmt" count="8"/>
        <line num="221" type="stmt" count="8"/>
        <line num="222" type="stmt" count="8"/>
        <line num="223" type="stmt" count="8"/>
        <line num="224" type="stmt" count="8"/>
        <line num="226" type="stmt" count="8"/>
        <line num="227" type="stmt" count="8"/>
        <line num="228" type="stmt" count="8"/>
        <line num="230" type="stmt" count="8"/>
        <line num="231" type="stmt" count="8"/>
        <line num="232" type="stmt" count="8"/>
        <line num="235" type="stmt" count="8"/>
        <line num="237" type="stmt" count="8"/>
        <line num="238" type="stmt" count="8"/>
        <line num="239" type="stmt" count="8"/>
        <line num="240" type="stmt" count="8"/>
        <line num="241" type="stmt" count="8"/>
        <line num="242" type="stmt" count="8"/>
        <line num="243" type="stmt" count="8"/>
        <line num="245" type="stmt" count="8"/>
        <line num="246" type="stmt" count="8"/>
        <line num="247" type="stmt" count="8"/>
        <line num="249" type="stmt" count="8"/>
        <line num="250" type="stmt" count="8"/>
        <line num="251" type="stmt" count="8"/>
        <line num="254" type="stmt" count="8"/>
        <line num="256" type="stmt" count="8"/>
        <line num="257" type="stmt" count="8"/>
        <line num="258" type="stmt" count="8"/>
        <line num="259" type="stmt" count="8"/>
        <line num="260" type="stmt" count="8"/>
        <line num="261" type="stmt" count="8"/>
        <line num="262" type="stmt" count="8"/>
        <line num="264" type="stmt" count="8"/>
        <line num="265" type="stmt" count="8"/>
        <line num="266" type="stmt" count="8"/>
        <line num="268" type="stmt" count="8"/>
        <line num="269" type="stmt" count="8"/>
        <line num="270" type="stmt" count="8"/>
        <line num="273" type="stmt" count="8"/>
        <line num="275" type="stmt" count="8"/>
        <line num="276" type="stmt" count="8"/>
        <line num="277" type="stmt" count="8"/>
        <line num="278" type="stmt" count="8"/>
        <line num="279" type="stmt" count="8"/>
        <line num="280" type="stmt" count="8"/>
        <line num="281" type="stmt" count="8"/>
        <line num="283" type="stmt" count="8"/>
        <line num="284" type="stmt" count="8"/>
        <line num="286" type="stmt" count="8"/>
        <metrics loc="287" ncloc="236" classes="1" methods="1" coveredmethods="1" conditionals="0" coveredconditionals="0" statements="145" coveredstatements="145" elements="146" coveredelements="146"/>
      </file>
    </package>
    <metrics files="6" loc="608" ncloc="518" classes="4" methods="6" coveredmethods="4" conditionals="0" coveredconditionals="0" statements="337" coveredstatements="213" elements="343" coveredelements="217"/>
  </project>
</coverage>
